﻿
---------------------------------
Actions du 2015-06-01 00:09:11
Connexion OK
Popularite : 47.5%
Propales gagnees ce jour : 0 (0%)
Appels d'offres selon critères (>= 1 semaines) : 231
Idles a placer : 0
Reponses aux appels d'offres : 0
Recrutements : 0
--------Fin de traitement--------﻿
---------------------------------
Actions du 2015-06-01 01:09:22
Connexion OK
Popularite : 93.5%
Propales gagnees ce jour : 0 (0%)
--------Fin de traitement--------
﻿
---------------------------------
Actions du 2015-06-01 02:06:00
Connexion OK
Popularite : 93.5%
Propales gagnees ce jour : 0 (0%)
--------Fin de traitement--------
﻿
---------------------------------
Actions du 2015-06-01 03:09:55
Connexion OK
Popularite : 93.5%
Propales gagnees ce jour : 0 (0%)
--------Fin de traitement--------
﻿
---------------------------------
Actions du 2015-06-01 04:09:45
Connexion OK
Popularite : 93.5%
Propales gagnees ce jour : 0 (0%)
--------Fin de traitement--------
﻿
---------------------------------
Actions du 2015-06-01 05:07:11
Connexion OK
Popularite : 93.5%
Propales gagnees ce jour : 0 (0%)
--------Fin de traitement--------
﻿
---------------------------------
Actions du 2015-06-01 06:08:47
Connexion OK
Popularite : 93.5%
Propales gagnees ce jour : 0 (0%)
Baratins du jour : 64%
Appels d'offres selon critères (>= 6 semaines) : 129
Idles a placer : 57
Reponses aux appels d'offres : 50
Recrutements : 23
--------Fin de traitement--------
﻿
---------------------------------
Actions du 2015-06-01 07:06:03
Connexion OK
Popularite : 93.5%
Propales gagnees ce jour : 69 (69%)
Baratins du jour : rien a baratiner
Appels d'offres selon critères (>= 6 semaines) : 220
Idles a placer : 74
Reponses aux appels d'offres : 50
Recrutements : 12
--------Fin de traitement--------
﻿
---------------------------------
Actions du 2015-06-01 08:07:37
Connexion OK
Popularite : 93.5%
Propales gagnees ce jour : 102 (68%)
Baratins du jour : rien a baratiner
Appels d'offres selon critères (>= 6 semaines) : 209
Idles a placer : 67
Reponses aux appels d'offres : 50
Recrutements : 13
--------Fin de traitement--------
﻿
---------------------------------
Actions du 2015-06-01 09:05:47
Connexion OK
Popularite : 93.5%
Propales gagnees ce jour : 132 (66%)
Baratins du jour : rien a baratiner
Appels d'offres selon critères (>= 6 semaines) : 230
Idles a placer : 68
Reponses aux appels d'offres : 50
Recrutements : 22
--------Fin de traitement--------
﻿
---------------------------------
Actions du 2015-06-01 10:07:17
Connexion OK
Popularite : 93.5%
Propales gagnees ce jour : 167 (66.8%)
Baratins du jour : rien a baratiner
Appels d'offres selon critères (>= 6 semaines) : 160
Idles a placer : 72
Reponses aux appels d'offres : 50
Recrutements : 24
--------Fin de traitement--------
﻿
---------------------------------
Actions du 2015-06-01 11:09:05
Connexion OK
Popularite : 93.5%
Propales gagnees ce jour : 201 (67%)
Baratins du jour : rien a baratiner
Appels d'offres selon critères (>= 6 semaines) : 230
Idles a placer : 76
Reponses aux appels d'offres : 50
Recrutements : 22
--------Fin de traitement--------
﻿
---------------------------------
Actions du 2015-06-01 12:07:06
Connexion OK
Popularite : 93.5%
Propales gagnees ce jour : 233 (66.57%)
Appels d'offres selon critères (>= 6 semaines) : 175
Idles a placer : 72
Reponses aux appels d'offres : 50
Recrutements : 22
--------Fin de traitement--------
﻿
---------------------------------
Actions du 2015-06-01 13:07:08
Connexion OK
Popularite : 93.5%
Propales gagnees ce jour : 261 (65.25%)
Appels d'offres selon critères (>= 6 semaines) : 188
Idles a placer : 69
Reponses aux appels d'offres : 50
Recrutements : 24
--------Fin de traitement--------
﻿
---------------------------------
Actions du 2015-06-01 14:06:23
Connexion OK
Popularite : 93.5%
Propales gagnees ce jour : 292 (64.89%)
Appels d'offres selon critères (>= 6 semaines) : 206
Idles a placer : 75
Reponses aux appels d'offres : 38
Recrutements : 20
--------Fin de traitement--------
﻿
---------------------------------
Actions du 2015-06-01 15:10:00﻿
---------------------------------
Actions du 2015-06-01 16:08:30
Connexion OK
Popularite : 93.5%
Propales gagnees ce jour : 315 (64.55%)
Appels d'offres selon critères (>= 6 semaines) : 270
Idles a placer : 81
Reponses aux appels d'offres : 50
Recrutements : 21
--------Fin de traitement--------
﻿
---------------------------------
Actions du 2015-06-01 17:08:30
Connexion OK
Popularite : 93.5%
Propales gagnees ce jour : 344 (63.94%)
Appels d'offres selon critères (>= 6 semaines) : 228
Idles a placer : 80
Reponses aux appels d'offres : 50
Recrutements : 18
--------Fin de traitement--------
﻿
---------------------------------
Actions du 2015-06-01 18:07:53
Connexion OK
Popularite : 93.5%
Propales gagnees ce jour : 376 (63.95%)
Appels d'offres selon critères (>= 6 semaines) : 201
Idles a placer : 78
Reponses aux appels d'offres : 50
Recrutements : 13
--------Fin de traitement--------
﻿
---------------------------------
Actions du 2015-06-01 19:09:29
Connexion OK
Popularite : 93.5%
Propales gagnees ce jour : 403 (63.17%)
Appels d'offres selon critères (>= 6 semaines) : 217
Idles a placer : 67
Reponses aux appels d'offres : 25
Recrutements : 7
--------Fin de traitement--------
﻿
---------------------------------
Actions du 2015-06-01 20:06:35
Connexion OK
Popularite : 93.5%
Propales gagnees ce jour : 421 (63.5%)
Appels d'offres selon critères (>= 6 semaines) : 244
Idles a placer : 61
Reponses aux appels d'offres : 50
Recrutements : 14
--------Fin de traitement--------
﻿
---------------------------------
Actions du 2015-06-01 21:06:27
Connexion OK
Popularite : 93.5%
Propales gagnees ce jour : 450 (63.11%)
Appels d'offres selon critères (>= 6 semaines) : 141
Idles a placer : 46
Reponses aux appels d'offres : 14
Recrutements : 1
--------Fin de traitement--------
﻿
---------------------------------
Actions du 2015-06-01 22:08:38
Connexion OK
Popularite : 93.5%
Propales gagnees ce jour : 459 (63.14%)
Appels d'offres selon critères (>= 6 semaines) : 213
Idles a placer : 38
Reponses aux appels d'offres : 28
Recrutements : 2
--------Fin de traitement--------
﻿
---------------------------------
Actions du 2015-06-01 23:08:29
Connexion OK
Popularite : 93.5%
Propales gagnees ce jour : 477 (63.18%)
--------Fin de traitement--------
﻿
---------------------------------
Actions du 2015-06-02 00:05:47
Connexion OK
Popularite : 93.5%
Propales gagnees ce jour : 0 (0%)
--------Fin de traitement--------
﻿
---------------------------------
Actions du 2015-06-02 01:06:39
Connexion OK
Popularite : 88.5%
Propales gagnees ce jour : 0 (0%)
--------Fin de traitement--------
﻿
---------------------------------
Actions du 2015-06-02 02:08:32
Connexion OK
Popularite : 88.5%
Propales gagnees ce jour : 0 (0%)
--------Fin de traitement--------
﻿
---------------------------------
Actions du 2015-06-02 03:08:04
Connexion OK
Popularite : 88.5%
Propales gagnees ce jour : 0 (0%)
--------Fin de traitement--------
﻿
---------------------------------
Actions du 2015-06-02 04:06:21
Connexion OK
Popularite : 88.5%
Propales gagnees ce jour : 0 (0%)
--------Fin de traitement--------
﻿
---------------------------------
Actions du 2015-06-02 05:09:09
Connexion OK
Popularite : 88.5%
Propales gagnees ce jour : 0 (0%)
--------Fin de traitement--------
﻿
---------------------------------
Actions du 2015-06-02 06:05:38
Connexion OK
Popularite : 88.5%
Propales gagnees ce jour : 0 (0%)
Baratins du jour : 66%
Appels d'offres selon critères (>= 6 semaines) : 115
Idles a placer : 110
Reponses aux appels d'offres : 50
Recrutements : 9
--------Fin de traitement--------
﻿
---------------------------------
Actions du 2015-06-02 07:05:50
Connexion OK
Popularite : 88.5%
Propales gagnees ce jour : 26 (52%)
Baratins du jour : rien a baratiner
Appels d'offres selon critères (>= 6 semaines) : 263
Idles a placer : 106
Reponses aux appels d'offres : 50
Recrutements : 11
--------Fin de traitement--------
﻿
---------------------------------
Actions du 2015-06-02 08:05:43
Connexion OK
Popularite : 88.5%
Propales gagnees ce jour : 54 (54%)
Baratins du jour : rien a baratiner
Appels d'offres selon critères (>= 6 semaines) : 214
Idles a placer : 107
Reponses aux appels d'offres : 50
Recrutements : 21
--------Fin de traitement--------
﻿
---------------------------------
Actions du 2015-06-02 09:06:08
Connexion OK
Popularite : 88.5%
Propales gagnees ce jour : 83 (55.33%)
Baratins du jour : rien a baratiner
Appels d'offres selon critères (>= 6 semaines) : 183
Idles a placer : 117
Reponses aux appels d'offres : 50
Recrutements : 27
--------Fin de traitement--------
﻿
---------------------------------
Actions du 2015-06-02 10:08:10
Connexion OK
Popularite : 98.5%
Propales gagnees ce jour : 113 (56.5%)
Baratins du jour : rien a baratiner
Appels d'offres selon critères (>= 6 semaines) : 241
Idles a placer : 125
Reponses aux appels d'offres : 50
Recrutements : 25
--------Fin de traitement--------
﻿
---------------------------------
Actions du 2015-06-02 11:08:42
Connexion OK
Popularite : 98.5%
Propales gagnees ce jour : 149 (59.6%)
Baratins du jour : rien a baratiner
Appels d'offres selon critères (>= 6 semaines) : 237
Idles a placer : 120
Reponses aux appels d'offres : 50
Recrutements : 6
--------Fin de traitement--------
﻿
---------------------------------
Actions du 2015-06-02 12:05:42
Connexion OK
Popularite : 98.5%
Propales gagnees ce jour : 184 (61.33%)
Appels d'offres selon critères (>= 6 semaines) : 216
Idles a placer : 92
Reponses aux appels d'offres : 50
Recrutements : 12
--------Fin de traitement--------
﻿
---------------------------------
Actions du 2015-06-02 13:05:31
Connexion OK
Popularite : 98.5%
Propales gagnees ce jour : 219 (62.57%)
Appels d'offres selon critères (>= 6 semaines) : 173
Idles a placer : 80
Reponses aux appels d'offres : 50
Recrutements : 16
--------Fin de traitement--------
﻿
---------------------------------
Actions du 2015-06-02 14:08:48
Connexion OK
Popularite : 98.5%
Propales gagnees ce jour : 250 (62.5%)
Appels d'offres selon critères (>= 6 semaines) : 200
Idles a placer : 87
Reponses aux appels d'offres : 45
Recrutements : 19
--------Fin de traitement--------
﻿
---------------------------------
Actions du 2015-06-02 15:06:56
Connexion OK
Popularite : 98.5%
Propales gagnees ce jour : 282 (63.37%)
Appels d'offres selon critères (>= 6 semaines) : 136
Idles a placer : 80
Reponses aux appels d'offres : 27
Recrutements : 15
--------Fin de traitement--------
﻿
---------------------------------
Actions du 2015-06-02 16:08:05
Connexion OK
Popularite : 98.5%
Propales gagnees ce jour : 300 (63.56%)
Appels d'offres selon critères (>= 6 semaines) : 162﻿
---------------------------------
Actions du 2015-06-02 17:07:07
Connexion OK
Popularite : 98.5%
Propales gagnees ce jour : 317 (64.17%)
Appels d'offres selon critères (>= 6 semaines) : 131
Idles a placer : 71
Reponses aux appels d'offres : 50
Recrutements : 11
--------Fin de traitement--------
﻿
---------------------------------
Actions du 2015-06-02 18:08:00
Connexion OK
Popularite : 98.5%
Propales gagnees ce jour : 353 (64.89%)
Appels d'offres selon critères (>= 6 semaines) : 187
Idles a placer : 56
Reponses aux appels d'offres : 50
Recrutements : 29
--------Fin de traitement--------
﻿
---------------------------------
Actions du 2015-06-02 19:05:41
Connexion OK
Popularite : 98.5%
Propales gagnees ce jour : 392 (65.99%)
Appels d'offres selon critères (>= 6 semaines) : 117
Idles a placer : 51
Reponses aux appels d'offres : 18
Recrutements : 0
--------Fin de traitement--------
﻿
---------------------------------
Actions du 2015-06-02 20:07:37
Connexion OK
Popularite : 98.5%
Propales gagnees ce jour : 406 (66.34%)
Appels d'offres selon critères (>= 6 semaines) : 191
Idles a placer : 43
Reponses aux appels d'offres : 21
Recrutements : 11
--------Fin de traitement--------
﻿
---------------------------------
Actions du 2015-06-02 21:09:32
Connexion OK
Popularite : 98.5%
Propales gagnees ce jour : 420 (66.35%)
Appels d'offres selon critères (>= 6 semaines) : 112
Idles a placer : 40
Reponses aux appels d'offres : 4
Recrutements : 1
--------Fin de traitement--------
﻿
---------------------------------
Actions du 2015-06-02 22:05:34
Connexion OK
Popularite : 98.5%
Propales gagnees ce jour : 423 (66.41%)
Appels d'offres selon critères (>= 6 semaines) : 209
Idles a placer : 40
Reponses aux appels d'offres : 12
Recrutements : 5
--------Fin de traitement--------
﻿
---------------------------------
Actions du 2015-06-02 23:07:15
Connexion OK
Popularite : 98.5%
Propales gagnees ce jour : 432 (66.56%)
--------Fin de traitement--------
﻿
---------------------------------
Actions du 2015-06-03 00:06:28
Connexion OK
Popularite : 98.5%
Propales gagnees ce jour : 0 (0%)
--------Fin de traitement--------
﻿
---------------------------------
Actions du 2015-06-03 01:07:37
Connexion OK
Popularite : 93.5%
Propales gagnees ce jour : 0 (0%)
--------Fin de traitement--------
﻿
---------------------------------
Actions du 2015-06-03 02:10:00
Connexion OK
Popularite : 93.5%
Propales gagnees ce jour : 0 (0%)
--------Fin de traitement--------
﻿
---------------------------------
Actions du 2015-06-03 03:06:21
Connexion OK
Popularite : 93.5%
Propales gagnees ce jour : 0 (0%)
--------Fin de traitement--------
﻿
---------------------------------
Actions du 2015-06-03 04:05:15
Connexion OK
Popularite : 93.5%
Propales gagnees ce jour : 0 (0%)
--------Fin de traitement--------
﻿
---------------------------------
Actions du 2015-06-03 05:07:34
Connexion OK
Popularite : 93.5%
Propales gagnees ce jour : 0 (0%)
--------Fin de traitement--------
﻿
---------------------------------
Actions du 2015-06-03 06:05:12
Connexion OK
Popularite : 93.5%
Propales gagnees ce jour : 0 (0%)
Baratins du jour : 63%
Appels d'offres selon critères (>= 6 semaines) : 142
Idles a placer : 126
Reponses aux appels d'offres : 50
Recrutements : 7
--------Fin de traitement--------
﻿
---------------------------------
Actions du 2015-06-03 07:08:51
Connexion OK
Popularite : 93.5%
Propales gagnees ce jour : 36 (72%)
Baratins du jour : rien a baratiner
Appels d'offres selon critères (>= 6 semaines) : 168
Idles a placer : 94
Reponses aux appels d'offres : 50
Recrutements : 3
--------Fin de traitement--------
﻿
---------------------------------
Actions du 2015-06-03 08:08:28
Connexion OK
Popularite : 93.5%
Propales gagnees ce jour : 73 (73%)
Baratins du jour : rien a baratiner
Appels d'offres selon critères (>= 6 semaines) : 124
Idles a placer : 72
Reponses aux appels d'offres : 50
Recrutements : 26
--------Fin de traitement--------
﻿
---------------------------------
Actions du 2015-06-03 09:10:02
Connexion OK
Popularite : 93.5%
Propales gagnees ce jour : 111 (74%)
Baratins du jour : rien a baratiner
Appels d'offres selon critères (>= 6 semaines) : 207﻿
---------------------------------
Actions du 2015-06-03 10:08:48
Connexion OK
Popularite : 97%
Propales gagnees ce jour : 119 (74.84%)
Baratins du jour : rien a baratiner
Appels d'offres selon critères (>= 6 semaines) : 149
Idles a placer : 59
Reponses aux appels d'offres : 50
Recrutements : 21
--------Fin de traitement--------
﻿
---------------------------------
Actions du 2015-06-03 11:05:54
Connexion OK
Popularite : 97%
Propales gagnees ce jour : 153 (73.21%)
Baratins du jour : rien a baratiner
Appels d'offres selon critères (>= 6 semaines) : 199
Idles a placer : 71
Reponses aux appels d'offres : 50
Recrutements : 31
--------Fin de traitement--------
﻿
---------------------------------
Actions du 2015-06-03 12:08:43
Connexion OK
Popularite : 97%
Propales gagnees ce jour : 192 (74.13%)
Appels d'offres selon critères (>= 6 semaines) : 113
Idles a placer : 76
Reponses aux appels d'offres : 50
Recrutements : 25
--------Fin de traitement--------
﻿
---------------------------------
Actions du 2015-06-03 13:06:07
Connexion OK
Popularite : 97%
Propales gagnees ce jour : 231 (74.76%)
Appels d'offres selon critères (>= 6 semaines) : 191
Idles a placer : 76
Reponses aux appels d'offres : 50
Recrutements : 19
--------Fin de traitement--------
﻿
---------------------------------
Actions du 2015-06-03 14:07:44
Connexion OK
Popularite : 98.5%
Propales gagnees ce jour : 266 (74.09%)
Appels d'offres selon critères (>= 6 semaines) : 167
Idles a placer : 88
Reponses aux appels d'offres : 50
Recrutements : 29
--------Fin de traitement--------
﻿
---------------------------------
Actions du 2015-06-03 15:07:41
Connexion OK
Popularite : 98.5%
Propales gagnees ce jour : 307 (75.06%)
Appels d'offres selon critères (>= 6 semaines) : 215
Idles a placer : 86
Reponses aux appels d'offres : 50
Recrutements : 16
--------Fin de traitement--------
﻿
---------------------------------
Actions du 2015-06-03 16:05:34
Connexion OK
Popularite : 98.5%
Propales gagnees ce jour : 345 (75.16%)
Appels d'offres selon critères (>= 6 semaines) : 187
Idles a placer : 83
Reponses aux appels d'offres : 50
Recrutements : 17
--------Fin de traitement--------
﻿
---------------------------------
Actions du 2015-06-03 17:08:50
Connexion OK
Popularite : 98.5%
Propales gagnees ce jour : 385 (75.64%)
Appels d'offres selon critères (>= 6 semaines) : 176
Idles a placer : 78
Reponses aux appels d'offres : 49
Recrutements : 23
--------Fin de traitement--------
﻿
---------------------------------
Actions du 2015-06-03 18:07:30
Connexion OK
Popularite : 98.5%
Propales gagnees ce jour : 419 (75.09%)
Appels d'offres selon critères (>= 6 semaines) : 205
Idles a placer : 79
Reponses aux appels d'offres : 45
Recrutements : 18
--------Fin de traitement--------
﻿
---------------------------------
Actions du 2015-06-03 19:08:28
Connexion OK
Popularite : 98.5%
Propales gagnees ce jour : 454 (75.29%)
Appels d'offres selon critères (>= 6 semaines) : 191
Idles a placer : 64
Reponses aux appels d'offres : 42
Recrutements : 10
--------Fin de traitement--------
﻿
---------------------------------
Actions du 2015-06-03 20:06:42
Connexion OK
Popularite : 98.5%
Propales gagnees ce jour : 481 (74.57%)
Appels d'offres selon critères (>= 6 semaines) : 175
Idles a placer : 48
Reponses aux appels d'offres : 37
Recrutements : 9
--------Fin de traitement--------
﻿
---------------------------------
Actions du 2015-06-03 21:09:28
Connexion OK
Popularite : 98.5%
Propales gagnees ce jour : 508 (74.49%)
Appels d'offres selon critères (>= 6 semaines) : 159
Idles a placer : 30
Reponses aux appels d'offres : 13
Recrutements : 5
--------Fin de traitement--------
﻿
---------------------------------
Actions du 2015-06-03 22:08:17
Connexion OK
Popularite : 98.5%
Propales gagnees ce jour : 518 (74.53%)
Appels d'offres selon critères (>= 6 semaines) : 189
Idles a placer : 26
Reponses aux appels d'offres : 21
Recrutements : 2
--------Fin de traitement--------
﻿
---------------------------------
Actions du 2015-06-03 23:06:25
Connexion OK
Popularite : 98.5%
Propales gagnees ce jour : 533 (74.44%)
--------Fin de traitement--------
﻿
---------------------------------
Actions du 2015-06-04 00:09:48
Connexion OK
Popularite : 89.5%
Propales gagnees ce jour : 0 (0%)
--------Fin de traitement--------
﻿
---------------------------------
Actions du 2015-06-04 01:06:34
Connexion OK
Popularite : 89.5%
Propales gagnees ce jour : 0 (0%)
--------Fin de traitement--------
﻿
---------------------------------
Actions du 2015-06-04 02:08:18
Connexion OK
Popularite : 89.5%
Propales gagnees ce jour : 0 (0%)
--------Fin de traitement--------
﻿
---------------------------------
Actions du 2015-06-04 03:09:33
Connexion OK
Popularite : 89.5%
Propales gagnees ce jour : 0 (0%)
--------Fin de traitement--------
﻿
---------------------------------
Actions du 2015-06-04 04:07:40
Connexion OK
Popularite : 89.5%
Propales gagnees ce jour : 0 (0%)
--------Fin de traitement--------
﻿
---------------------------------
Actions du 2015-06-04 05:07:28
Connexion OK
Popularite : 89.5%
Propales gagnees ce jour : 0 (0%)
--------Fin de traitement--------
﻿
---------------------------------
Actions du 2015-06-04 06:05:09
Connexion OK
Popularite : 89.5%
Propales gagnees ce jour : 0 (0%)﻿
---------------------------------
Actions du 2015-06-04 09:07:28
Connexion OK
Popularite : 89.5%
Propales gagnees ce jour : 1 (100%)﻿
---------------------------------
Actions du 2015-06-04 10:06:02
Connexion OK
Popularite : 98%
Propales gagnees ce jour : 1 (100%)﻿
---------------------------------
Actions du 2015-06-04 11:07:07
Connexion OK
Popularite : 98%
Propales gagnees ce jour : 1 (100%)
Baratins du jour : rien a baratiner
Appels d'offres selon critères (>= 6 semaines) : 0
Idles a placer : 0
Reponses aux appels d'offres : 0
Recrutements : 0
--------Fin de traitement--------

---------------------------------
Actions du 2015-06-04 12:05:01
Connexion OK
Popularite : 98%
Propales gagnees ce jour : 42 (82.35%)
Appels d'offres selon critères (>= 6 semaines) : 122
Idles a placer : 67
Reponses aux appels d'offres : 50
Recrutements : 14
--------Fin de traitement--------

---------------------------------
Actions du 2015-06-04 13:05:02
Connexion OK
Popularite : 98%
Propales gagnees ce jour : 84 (83.17%)
Appels d'offres selon critères (>= 6 semaines) : 128
Idles a placer : 57
Reponses aux appels d'offres : 50
Recrutements : 30
--------Fin de traitement--------

---------------------------------
Actions du 2015-06-04 14:05:01
Connexion OK
Popularite : 98%
Propales gagnees ce jour : 125 (82.78%)
Appels d'offres selon critères (>= 6 semaines) : 144
Idles a placer : 4
Reponses aux appels d'offres : 2
Recrutements : 1
--------Fin de traitement--------

---------------------------------
Actions du 2015-06-04 15:05:02
Connexion OK
Popularite : 98%
Propales gagnees ce jour : 126 (82.35%)
Appels d'offres selon critères (>= 6 semaines) : 157
Idles a placer : 58
Reponses aux appels d'offres : 50
Recrutements : 25
--------Fin de traitement--------

---------------------------------
Actions du 2015-06-04 16:05:02
Connexion OK
Popularite : 98%
Propales gagnees ce jour : 169 (83.25%)
Appels d'offres selon critères (>= 6 semaines) : 137
Idles a placer : 58
Reponses aux appels d'offres : 50
Recrutements : 22
--------Fin de traitement--------

---------------------------------
Actions du 2015-06-04 17:05:02
Connexion OK
Popularite : 98%
Propales gagnees ce jour : 204 (80.63%)
Appels d'offres selon critères (>= 6 semaines) : 137
Idles a placer : 56
Reponses aux appels d'offres : 50
Recrutements : 22
--------Fin de traitement--------

---------------------------------
Actions du 2015-06-04 18:05:01
Connexion OK
Popularite : 98%
Propales gagnees ce jour : 243 (80.2%)
Appels d'offres selon critères (>= 6 semaines) : 118
Idles a placer : 4
Reponses aux appels d'offres : 1
Recrutements : 1
--------Fin de traitement--------

---------------------------------
Actions du 2015-06-04 19:05:02
Connexion OK
Popularite : 98%
Propales gagnees ce jour : 244 (80.26%)
Appels d'offres selon critères (>= 6 semaines) : 162
Idles a placer : 70
Reponses aux appels d'offres : 50
Recrutements : 26
--------Fin de traitement--------

---------------------------------
Actions du 2015-06-04 20:05:02
Connexion OK
Popularite : 98%
Propales gagnees ce jour : 285 (80.51%)
Appels d'offres selon critères (>= 6 semaines) : 153
Idles a placer : 73
Reponses aux appels d'offres : 50
Recrutements : 26
--------Fin de traitement--------

---------------------------------
Actions du 2015-06-04 21:05:01
Connexion OK
Popularite : 98%
Propales gagnees ce jour : 326 (80.69%)
Appels d'offres selon critères (>= 6 semaines) : 160
Idles a placer : 64
Reponses aux appels d'offres : 50
Recrutements : 11
--------Fin de traitement--------

---------------------------------
Actions du 2015-06-04 22:05:01
Connexion OK
Popularite : 98%
Propales gagnees ce jour : 367 (80.84%)
Appels d'offres selon critères (>= 6 semaines) : 165
Idles a placer : 47
Reponses aux appels d'offres : 40
Recrutements : 22
--------Fin de traitement--------

---------------------------------
Actions du 2015-06-04 23:05:02
Connexion OK
Popularite : 98%
Propales gagnees ce jour : 399 (80.77%)
--------Fin de traitement--------

---------------------------------
Actions du 2015-06-05 00:05:01
Connexion OK
Popularite : 98%
Propales gagnees ce jour : 0 (0%)
--------Fin de traitement--------

---------------------------------
Actions du 2015-06-05 01:05:03
Connexion OK
Popularite : 89%
Propales gagnees ce jour : 0 (0%)
--------Fin de traitement--------

---------------------------------
Actions du 2015-06-05 02:05:02
Connexion OK
Popularite : 89%
Propales gagnees ce jour : 0 (0%)
--------Fin de traitement--------

---------------------------------
Actions du 2015-06-05 03:05:03
Connexion OK
Popularite : 89%
Propales gagnees ce jour : 0 (0%)
--------Fin de traitement--------

---------------------------------
Actions du 2015-06-05 04:05:03
Connexion OK
Popularite : 89%
Propales gagnees ce jour : 0 (0%)
--------Fin de traitement--------

---------------------------------
Actions du 2015-06-05 05:05:03
Connexion OK
Popularite : 89%
Propales gagnees ce jour : 0 (0%)
--------Fin de traitement--------

---------------------------------
Actions du 2015-06-05 06:05:02
Connexion OK
Popularite : 89%
Propales gagnees ce jour : 0 (0%)
Baratins du jour : 69%
Appels d'offres selon critères (>= 6 semaines) : 128
Idles a placer : 88
Reponses aux appels d'offres : 50
Recrutements : 7
--------Fin de traitement--------

---------------------------------
Actions du 2015-06-05 07:05:02
Connexion OK
Popularite : 89%
Propales gagnees ce jour : 32 (64%)
Baratins du jour : rien a baratiner
Appels d'offres selon critères (>= 6 semaines) : 238
Idles a placer : 84
Reponses aux appels d'offres : 50
Recrutements : 21
--------Fin de traitement--------

---------------------------------
Actions du 2015-06-05 08:05:02
Connexion OK
Popularite : 89%
Propales gagnees ce jour : 69 (69%)
Baratins du jour : rien a baratiner
Appels d'offres selon critères (>= 6 semaines) : 109
Idles a placer : 76
Reponses aux appels d'offres : 24
Recrutements : 12
--------Fin de traitement--------

---------------------------------
Actions du 2015-06-05 09:05:01
Connexion OK
Popularite : 89%
Propales gagnees ce jour : 82 (66.13%)
Baratins du jour : rien a baratiner
Appels d'offres selon critères (>= 6 semaines) : 225
Idles a placer : 81
Reponses aux appels d'offres : 50
Recrutements : 19
--------Fin de traitement--------

---------------------------------
Actions du 2015-06-05 10:05:02
Connexion OK
Popularite : 89.5%
Propales gagnees ce jour : 117 (67.24%)
Baratins du jour : rien a baratiner
Appels d'offres selon critères (>= 6 semaines) : 121
Idles a placer : 72
Reponses aux appels d'offres : 50
Recrutements : 17
--------Fin de traitement--------

---------------------------------
Actions du 2015-06-05 11:05:01
Connexion OK
Popularite : 89.5%
Propales gagnees ce jour : 154 (68.75%)
Baratins du jour : rien a baratiner
Appels d'offres selon critères (>= 6 semaines) : 180
Idles a placer : 72
Reponses aux appels d'offres : 50
Recrutements : 29
--------Fin de traitement--------

---------------------------------
Actions du 2015-06-05 12:05:01
Connexion OK
Popularite : 87%
Propales gagnees ce jour : 183 (66.79%)
Appels d'offres selon critères (>= 6 semaines) : 77
Idles a placer : 78
Reponses aux appels d'offres : 27
Recrutements : 11
--------Fin de traitement--------

---------------------------------
Actions du 2015-06-05 13:05:02
Connexion OK
Popularite : 87%
Propales gagnees ce jour : 199 (66.11%)
Appels d'offres selon critères (>= 6 semaines) : 74
Idles a placer : 81
Reponses aux appels d'offres : 27
Recrutements : 15
--------Fin de traitement--------

---------------------------------
Actions du 2015-06-05 14:05:01
Connexion OK
Popularite : 87%
Propales gagnees ce jour : 217 (66.16%)
Appels d'offres selon critères (>= 6 semaines) : 109
Idles a placer : 91
Reponses aux appels d'offres : 50
Recrutements : 12
--------Fin de traitement--------

---------------------------------
Actions du 2015-06-05 15:05:01
Connexion OK
Popularite : 91%
Propales gagnees ce jour : 253 (66.93%)
Appels d'offres selon critères (>= 6 semaines) : 112
Idles a placer : 80
Reponses aux appels d'offres : 42
Recrutements : 23
--------Fin de traitement--------

---------------------------------
Actions du 2015-06-05 16:05:02
Connexion OK
Popularite : 91%
Propales gagnees ce jour : 280 (66.67%)
Appels d'offres selon critères (>= 6 semaines) : 179
Idles a placer : 83
Reponses aux appels d'offres : 50
Recrutements : 18
--------Fin de traitement--------

---------------------------------
Actions du 2015-06-05 17:05:02
Connexion OK
Popularite : 91%
Propales gagnees ce jour : 314 (66.81%)
Appels d'offres selon critères (>= 6 semaines) : 133
Idles a placer : 72
Reponses aux appels d'offres : 20
Recrutements : 5
--------Fin de traitement--------

---------------------------------
Actions du 2015-06-05 18:05:01
Connexion OK
Popularite : 91%
Propales gagnees ce jour : 327 (66.73%)
Appels d'offres selon critères (>= 6 semaines) : 169
Idles a placer : 70
Reponses aux appels d'offres : 31
Recrutements : 8
--------Fin de traitement--------

---------------------------------
Actions du 2015-06-05 19:05:02
Connexion OK
Popularite : 91%
Propales gagnees ce jour : 344 (66.03%)
Appels d'offres selon critères (>= 6 semaines) : 139
Idles a placer : 62
Reponses aux appels d'offres : 17
Recrutements : 1
--------Fin de traitement--------

---------------------------------
Actions du 2015-06-05 20:05:02
Connexion OK
Popularite : 91%
Propales gagnees ce jour : 358 (66.54%)
Appels d'offres selon critères (>= 6 semaines) : 201
Idles a placer : 50
Reponses aux appels d'offres : 28
Recrutements : 6
--------Fin de traitement--------

---------------------------------
Actions du 2015-06-05 21:05:02
Connexion OK
Popularite : 91%
Propales gagnees ce jour : 377 (66.61%)
Appels d'offres selon critères (>= 6 semaines) : 147
Idles a placer : 37
Reponses aux appels d'offres : 11
Recrutements : 2
--------Fin de traitement--------

---------------------------------
Actions du 2015-06-05 22:05:01
Connexion OK
Popularite : 91%
Propales gagnees ce jour : 385 (66.72%)
Appels d'offres selon critères (>= 6 semaines) : 155
Idles a placer : 31
Reponses aux appels d'offres : 9
Recrutements : 2
--------Fin de traitement--------

---------------------------------
Actions du 2015-06-05 23:05:02
Connexion OK
Popularite : 91%
Propales gagnees ce jour : 391 (66.72%)
--------Fin de traitement--------

---------------------------------
Actions du 2015-06-06 00:05:02
Connexion OK
Popularite : 91%
Propales gagnees ce jour : 0 (0%)
--------Fin de traitement--------

---------------------------------
Actions du 2015-06-06 01:05:01
Connexion OK
Popularite : 82%
Propales gagnees ce jour : 0 (0%)
--------Fin de traitement--------

---------------------------------
Actions du 2015-06-06 02:05:01
Connexion OK
Popularite : 82%
Propales gagnees ce jour : 0 (0%)
--------Fin de traitement--------

---------------------------------
Actions du 2015-06-06 03:05:03
Connexion OK
Popularite : 82%
Propales gagnees ce jour : 0 (0%)
--------Fin de traitement--------

---------------------------------
Actions du 2015-06-06 04:05:03
Connexion OK
Popularite : 82%
Propales gagnees ce jour : 0 (0%)
--------Fin de traitement--------

---------------------------------
Actions du 2015-06-06 05:05:03
Connexion OK
Popularite : 82%
Propales gagnees ce jour : 0 (0%)
--------Fin de traitement--------

---------------------------------
Actions du 2015-06-06 06:05:03
Connexion OK
Popularite : 82%
Propales gagnees ce jour : 0 (0%)
Baratins du jour : 61%
Appels d'offres selon critères (>= 6 semaines) : 45
Idles a placer : 39
Reponses aux appels d'offres : 13
Recrutements : 3
--------Fin de traitement--------

---------------------------------
Actions du 2015-06-06 07:05:02
Connexion OK
Popularite : 82%
Propales gagnees ce jour : 9 (69.23%)
Baratins du jour : rien a baratiner
Appels d'offres selon critères (>= 6 semaines) : 125
Idles a placer : 61
Reponses aux appels d'offres : 50
Recrutements : 27
--------Fin de traitement--------

---------------------------------
Actions du 2015-06-06 08:05:02
Connexion OK
Popularite : 82%
Propales gagnees ce jour : 37 (58.73%)
Baratins du jour : rien a baratiner
Appels d'offres selon critères (>= 6 semaines) : 78
Idles a placer : 64
Reponses aux appels d'offres : 18
Recrutements : 7
--------Fin de traitement--------

---------------------------------
Actions du 2015-06-06 09:05:03
Connexion OK
Popularite : 82%
Propales gagnees ce jour : 49 (60.49%)
Baratins du jour : rien a baratiner
Appels d'offres selon critères (>= 6 semaines) : 85
Idles a placer : 74
Reponses aux appels d'offres : 36
Recrutements : 24
--------Fin de traitement--------

---------------------------------
Actions du 2015-06-06 10:05:02
Connexion OK
Popularite : 82%
Propales gagnees ce jour : 66 (56.41%)
Baratins du jour : rien a baratiner
Appels d'offres selon critères (>= 6 semaines) : 74
Idles a placer : 89
Reponses aux appels d'offres : 42
Recrutements : 18
--------Fin de traitement--------

---------------------------------
Actions du 2015-06-06 11:05:02
Connexion OK
Popularite : 82%
Propales gagnees ce jour : 96 (60.38%)
Baratins du jour : rien a baratiner
Appels d'offres selon critères (>= 6 semaines) : 72
Idles a placer : 82
Reponses aux appels d'offres : 10
Recrutements : 6
--------Fin de traitement--------

---------------------------------
Actions du 2015-06-06 12:05:02
Connexion OK
Popularite : 89%
Propales gagnees ce jour : 102 (60.36%)
Appels d'offres selon critères (>= 6 semaines) : 158
Idles a placer : 77
Reponses aux appels d'offres : 50
Recrutements : 11
--------Fin de traitement--------

---------------------------------
Actions du 2015-06-06 13:05:03
Connexion OK
Popularite : 89%
Propales gagnees ce jour : 133 (60.73%)
Appels d'offres selon critères (>= 6 semaines) : 147
Idles a placer : 81
Reponses aux appels d'offres : 50
Recrutements : 18
--------Fin de traitement--------

---------------------------------
Actions du 2015-06-06 14:05:02
Connexion OK
Popularite : 89%
Propales gagnees ce jour : 169 (62.83%)
Appels d'offres selon critères (>= 6 semaines) : 158
Idles a placer : 79
Reponses aux appels d'offres : 50
Recrutements : 13
--------Fin de traitement--------

---------------------------------
Actions du 2015-06-06 15:05:01
Connexion OK
Popularite : 89%
Propales gagnees ce jour : 201 (63.01%)
Appels d'offres selon critères (>= 6 semaines) : 170
Idles a placer : 78
Reponses aux appels d'offres : 50
Recrutements : 13
--------Fin de traitement--------

---------------------------------
Actions du 2015-06-06 16:05:03
Connexion OK
Popularite : 89%
Propales gagnees ce jour : 236 (63.96%)
Appels d'offres selon critères (>= 6 semaines) : 208
Idles a placer : 73
Reponses aux appels d'offres : 50
Recrutements : 27
--------Fin de traitement--------

---------------------------------
Actions du 2015-06-06 17:05:03
Connexion OK
Popularite : 89%
Propales gagnees ce jour : 272 (64.92%)
Appels d'offres selon critères (>= 6 semaines) : 197
Idles a placer : 75
Reponses aux appels d'offres : 50
Recrutements : 16
--------Fin de traitement--------

---------------------------------
Actions du 2015-06-06 18:05:02
Connexion OK
Popularite : 89%
Propales gagnees ce jour : 300 (63.97%)
Appels d'offres selon critères (>= 6 semaines) : 138
Idles a placer : 67
Reponses aux appels d'offres : 20
Recrutements : 7
--------Fin de traitement--------

---------------------------------
Actions du 2015-06-06 19:05:02
Connexion OK
Popularite : 89%
Propales gagnees ce jour : 312 (63.8%)
Appels d'offres selon critères (>= 6 semaines) : 186
Idles a placer : 66
Reponses aux appels d'offres : 29
Recrutements : 12
--------Fin de traitement--------

---------------------------------
Actions du 2015-06-06 20:05:02
Connexion OK
Popularite : 89%
Propales gagnees ce jour : 335 (64.67%)
Appels d'offres selon critères (>= 6 semaines) : 159
Idles a placer : 55
Reponses aux appels d'offres : 15
Recrutements : 8
--------Fin de traitement--------

---------------------------------
Actions du 2015-06-06 21:05:01
Connexion OK
Popularite : 89%
Propales gagnees ce jour : 340 (63.79%)
Appels d'offres selon critères (>= 6 semaines) : 198
Idles a placer : 63
Reponses aux appels d'offres : 36
Recrutements : 8
--------Fin de traitement--------

---------------------------------
Actions du 2015-06-06 22:05:02
Connexion OK
Popularite : 89%
Propales gagnees ce jour : 361 (63.44%)
Appels d'offres selon critères (>= 6 semaines) : 163
Idles a placer : 54
Reponses aux appels d'offres : 46
Recrutements : 10
--------Fin de traitement--------

---------------------------------
Actions du 2015-06-06 23:05:01
Connexion OK
Popularite : 89%
Propales gagnees ce jour : 392 (63.74%)
--------Fin de traitement--------

---------------------------------
Actions du 2015-06-07 00:05:02
Connexion OK
Popularite : 89%
Propales gagnees ce jour : 0 (0%)
--------Fin de traitement--------

---------------------------------
Actions du 2015-06-07 01:05:04
Connexion OK
Popularite : 80.5%
Propales gagnees ce jour : 0 (0%)
--------Fin de traitement--------

---------------------------------
Actions du 2015-06-07 02:05:02
Connexion OK
Popularite : 80.5%
Propales gagnees ce jour : 0 (0%)
--------Fin de traitement--------

---------------------------------
Actions du 2015-06-07 03:05:04
Connexion OK
Popularite : 80.5%
Propales gagnees ce jour : 0 (0%)
--------Fin de traitement--------

---------------------------------
Actions du 2015-06-07 04:05:03
Connexion OK
Popularite : 80.5%
Propales gagnees ce jour : 0 (0%)
--------Fin de traitement--------

---------------------------------
Actions du 2015-06-07 05:05:03
Connexion OK
Popularite : 80.5%
Propales gagnees ce jour : 0 (0%)
--------Fin de traitement--------

---------------------------------
Actions du 2015-06-07 06:05:02
Connexion OK
Popularite : 80.5%
Propales gagnees ce jour : 0 (0%)
Baratins du jour : 64%
Appels d'offres selon critères (>= 6 semaines) : 41
Idles a placer : 60
Reponses aux appels d'offres : 35
Recrutements : 8
--------Fin de traitement--------

---------------------------------
Actions du 2015-06-07 07:05:02
Connexion OK
Popularite : 80.5%
Propales gagnees ce jour : 24 (68.57%)
Baratins du jour : rien a baratiner
Appels d'offres selon critères (>= 6 semaines) : 113
Idles a placer : 70
Reponses aux appels d'offres : 45
Recrutements : 27
--------Fin de traitement--------

---------------------------------
Actions du 2015-06-07 08:05:02
Connexion OK
Popularite : 80.5%
Propales gagnees ce jour : 53 (66.25%)
Baratins du jour : rien a baratiner
Appels d'offres selon critères (>= 6 semaines) : 73
Idles a placer : 73
Reponses aux appels d'offres : 33
Recrutements : 17
--------Fin de traitement--------

---------------------------------
Actions du 2015-06-07 09:05:01
Connexion OK
Popularite : 80.5%
Propales gagnees ce jour : 72 (63.72%)
Baratins du jour : rien a baratiner
Appels d'offres selon critères (>= 6 semaines) : 72
Idles a placer : 84
Reponses aux appels d'offres : 50
Recrutements : 22
--------Fin de traitement--------

---------------------------------
Actions du 2015-06-07 10:05:01
Connexion OK
Popularite : 80.5%
Propales gagnees ce jour : 97 (59.51%)
Baratins du jour : rien a baratiner
Appels d'offres selon critères (>= 6 semaines) : 51
Idles a placer : 88
Reponses aux appels d'offres : 31
Recrutements : 10
--------Fin de traitement--------

---------------------------------
Actions du 2015-06-07 11:05:02
Connexion OK
Popularite : 80.5%
Propales gagnees ce jour : 117 (60.31%)
Baratins du jour : rien a baratiner
Appels d'offres selon critères (>= 6 semaines) : 87
Idles a placer : 89
Reponses aux appels d'offres : 50
Recrutements : 17
--------Fin de traitement--------

---------------------------------
Actions du 2015-06-07 12:05:01
Connexion OK
Popularite : 80.5%
Propales gagnees ce jour : 151 (61.89%)
Appels d'offres selon critères (>= 6 semaines) : 69
Idles a placer : 87
Reponses aux appels d'offres : 24
Recrutements : 14
--------Fin de traitement--------

---------------------------------
Actions du 2015-06-07 13:05:01
Connexion OK
Popularite : 80.5%
Propales gagnees ce jour : 167 (62.31%)
Appels d'offres selon critères (>= 6 semaines) : 75
Idles a placer : 93
Reponses aux appels d'offres : 17
Recrutements : 12
--------Fin de traitement--------

---------------------------------
Actions du 2015-06-07 14:05:02
Connexion OK
Popularite : 91.5%
Propales gagnees ce jour : 180 (63.16%)
Appels d'offres selon critères (>= 6 semaines) : 174
Idles a placer : 105
Reponses aux appels d'offres : 50
Recrutements : 19
--------Fin de traitement--------

---------------------------------
Actions du 2015-06-07 15:05:01
Connexion OK
Popularite : 91.5%
Propales gagnees ce jour : 218 (65.07%)
Appels d'offres selon critères (>= 6 semaines) : 111
Idles a placer : 96
Reponses aux appels d'offres : 50
Recrutements : 22
--------Fin de traitement--------

---------------------------------
Actions du 2015-06-07 16:05:01
Connexion OK
Popularite : 91.5%
Propales gagnees ce jour : 256 (66.49%)
Appels d'offres selon critères (>= 6 semaines) : 170
Idles a placer : 85
Reponses aux appels d'offres : 50
Recrutements : 16
--------Fin de traitement--------

---------------------------------
Actions du 2015-06-07 17:05:01
Connexion OK
Popularite : 91.5%
Propales gagnees ce jour : 292 (67.13%)
Appels d'offres selon critères (>= 6 semaines) : 144
Idles a placer : 79
Reponses aux appels d'offres : 50
Recrutements : 25
--------Fin de traitement--------

---------------------------------
Actions du 2015-06-07 18:05:01
Connexion OK
Popularite : 91.5%
Propales gagnees ce jour : 328 (67.63%)
Appels d'offres selon critères (>= 6 semaines) : 188
Idles a placer : 79
Reponses aux appels d'offres : 50
Recrutements : 12
--------Fin de traitement--------

---------------------------------
Actions du 2015-06-07 19:05:02
Connexion OK
Popularite : 91.5%
Propales gagnees ce jour : 364 (68.04%)
Appels d'offres selon critères (>= 6 semaines) : 139
Idles a placer : 67
Reponses aux appels d'offres : 50
Recrutements : 20
--------Fin de traitement--------

---------------------------------
Actions du 2015-06-07 20:05:01
Connexion OK
Popularite : 91.5%
Propales gagnees ce jour : 401 (68.55%)
Appels d'offres selon critères (>= 6 semaines) : 174
Idles a placer : 65
Reponses aux appels d'offres : 50
Recrutements : 17
--------Fin de traitement--------

---------------------------------
Actions du 2015-06-07 21:05:01
Connexion OK
Popularite : 91.5%
Propales gagnees ce jour : 433 (68.19%)
Appels d'offres selon critères (>= 6 semaines) : 117
Idles a placer : 54
Reponses aux appels d'offres : 22
Recrutements : 2
--------Fin de traitement--------

---------------------------------
Actions du 2015-06-07 22:05:02
Connexion OK
Popularite : 91.5%
Propales gagnees ce jour : 450 (68.49%)
Appels d'offres selon critères (>= 6 semaines) : 190
Idles a placer : 41
Reponses aux appels d'offres : 21
Recrutements : 9
--------Fin de traitement--------

---------------------------------
Actions du 2015-06-07 23:05:02
Connexion OK
Popularite : 91.5%
Propales gagnees ce jour : 467 (68.88%)
--------Fin de traitement--------

---------------------------------
Actions du 2015-06-08 00:05:01
Connexion OK
Popularite : 91.5%
Propales gagnees ce jour : 0 (0%)
--------Fin de traitement--------

---------------------------------
Actions du 2015-06-08 01:05:01
Connexion OK
Popularite : 82.5%
Propales gagnees ce jour : 0 (0%)
--------Fin de traitement--------

---------------------------------
Actions du 2015-06-08 02:05:02
Connexion OK
Popularite : 82.5%
Propales gagnees ce jour : 0 (0%)
--------Fin de traitement--------

---------------------------------
Actions du 2015-06-08 03:05:02
Connexion OK
Popularite : 82.5%
Propales gagnees ce jour : 0 (0%)
--------Fin de traitement--------

---------------------------------
Actions du 2015-06-08 04:05:02
Connexion OK
Popularite : 82.5%
Propales gagnees ce jour : 0 (0%)
--------Fin de traitement--------

---------------------------------
Actions du 2015-06-08 05:05:03
Connexion OK
Popularite : 82.5%
Propales gagnees ce jour : 0 (0%)
--------Fin de traitement--------

---------------------------------
Actions du 2015-06-08 06:05:03
Connexion OK
Popularite : 82.5%
Propales gagnees ce jour : 0 (0%)
Baratins du jour : 66%
Appels d'offres selon critères (>= 6 semaines) : 42
Idles a placer : 85
Reponses aux appels d'offres : 14
Recrutements : 1
--------Fin de traitement--------

---------------------------------
Actions du 2015-06-08 07:05:02
Connexion OK
Popularite : 82.5%
Propales gagnees ce jour : 9 (64.29%)
Baratins du jour : rien a baratiner
Appels d'offres selon critères (>= 6 semaines) : 124
Idles a placer : 88
Reponses aux appels d'offres : 43
Recrutements : 17
--------Fin de traitement--------

---------------------------------
Actions du 2015-06-08 08:05:02
Connexion OK
Popularite : 82.5%
Propales gagnees ce jour : 36 (63.16%)
Baratins du jour : rien a baratiner
Appels d'offres selon critères (>= 6 semaines) : 72
Idles a placer : 80
Reponses aux appels d'offres : 21
Recrutements : 8
--------Fin de traitement--------

---------------------------------
Actions du 2015-06-08 09:05:01
Connexion OK
Popularite : 82.5%
Propales gagnees ce jour : 50 (64.1%)
Baratins du jour : rien a baratiner
Appels d'offres selon critères (>= 6 semaines) : 71
Idles a placer : 85
Reponses aux appels d'offres : 50
Recrutements : 18
--------Fin de traitement--------

---------------------------------
Actions du 2015-06-08 10:05:03
Connexion OK
Popularite : 94.5%
Propales gagnees ce jour : 89 (69.53%)
Baratins du jour : rien a baratiner
Appels d'offres selon critères (>= 6 semaines) : 102
Idles a placer : 74
Reponses aux appels d'offres : 50
Recrutements : 23
--------Fin de traitement--------

---------------------------------
Actions du 2015-06-08 11:05:03
Connexion OK
Popularite : 94.5%
Propales gagnees ce jour : 122 (68.54%)
Baratins du jour : rien a baratiner
Appels d'offres selon critères (>= 6 semaines) : 210
Idles a placer : 84
Reponses aux appels d'offres : 50
Recrutements : 12
--------Fin de traitement--------

---------------------------------
Actions du 2015-06-08 12:05:02
Connexion OK
Popularite : 94.5%
Propales gagnees ce jour : 162 (71.05%)
Appels d'offres selon critères (>= 6 semaines) : 198
Idles a placer : 71
Reponses aux appels d'offres : 50
Recrutements : 20
--------Fin de traitement--------

---------------------------------
Actions du 2015-06-08 13:05:03
Connexion OK
Popularite : 94.5%
Propales gagnees ce jour : 194 (69.78%)
Appels d'offres selon critères (>= 6 semaines) : 196
Idles a placer : 79
Reponses aux appels d'offres : 50
Recrutements : 30
--------Fin de traitement--------

---------------------------------
Actions du 2015-06-08 14:05:02
Connexion OK
Popularite : 94.5%
Propales gagnees ce jour : 233 (71.04%)
Appels d'offres selon critères (>= 6 semaines) : 121
Idles a placer : 82
Reponses aux appels d'offres : 39
Recrutements : 23
--------Fin de traitement--------

---------------------------------
Actions du 2015-06-08 15:05:02
Connexion OK
Popularite : 94.5%
Propales gagnees ce jour : 263 (71.66%)
Appels d'offres selon critères (>= 6 semaines) : 165
Idles a placer : 93
Reponses aux appels d'offres : 50
Recrutements : 21
--------Fin de traitement--------

---------------------------------
Actions du 2015-06-08 16:05:02
Connexion OK
Popularite : 94.5%
Propales gagnees ce jour : 295 (70.74%)
Appels d'offres selon critères (>= 6 semaines) : 196
Idles a placer : 80
Reponses aux appels d'offres : 50
Recrutements : 20
--------Fin de traitement--------

---------------------------------
Actions du 2015-06-08 17:05:02
Connexion OK
Popularite : 94.5%
Propales gagnees ce jour : 332 (71.09%)
Appels d'offres selon critères (>= 6 semaines) : 165
Idles a placer : 85
Reponses aux appels d'offres : 50
Recrutements : 18
--------Fin de traitement--------

---------------------------------
Actions du 2015-06-08 18:05:02
Connexion OK
Popularite : 94.5%
Propales gagnees ce jour : 364 (70.41%)
Appels d'offres selon critères (>= 6 semaines) : 176
---------------------------------
Actions du 2015-06-08 19:05:02
Connexion OK
Popularite : 94.5%
Propales gagnees ce jour : 388 (70.42%)
Appels d'offres selon critères (>= 6 semaines) : 134
Idles a placer : 69
Reponses aux appels d'offres : 50
Recrutements : 16
--------Fin de traitement--------

---------------------------------
Actions du 2015-06-08 20:05:01
Connexion OK
Popularite : 94.5%
Propales gagnees ce jour : 428 (71.21%)
Appels d'offres selon critères (>= 6 semaines) : 154
Idles a placer : 50
Reponses aux appels d'offres : 40
Recrutements : 20
--------Fin de traitement--------

---------------------------------
Actions du 2015-06-08 21:05:02
Connexion OK
Popularite : 94.5%
Propales gagnees ce jour : 452 (70.51%)
Appels d'offres selon critères (>= 6 semaines) : 192
Idles a placer : 48
Reponses aux appels d'offres : 21
Recrutements : 7
--------Fin de traitement--------

---------------------------------
Actions du 2015-06-08 22:05:01
Connexion OK
Popularite : 94.5%
Propales gagnees ce jour : 471 (71.15%)
Appels d'offres selon critères (>= 6 semaines) : 127
Idles a placer : 37
Reponses aux appels d'offres : 10
Recrutements : 2
--------Fin de traitement--------
